<?xml version="1.0" encoding="UTF-8"?>
<testsuite name="CukeRunner" time="0.044" tests="14" errors="0" skipped="0" failures="6">
  <properties>
[...]
</properties>
  <testcase name="Given I navigate to google home page" classname="Scenario: Checking if different browser are being loaded" time="0.009"/>
  <testcase name="Scenario: Checking if different browser are being loaded" classname="Scenario: Checking if different browser are being loaded" time="0.021"/>
  <testcase name="Given I navigate to wikipedia home page" classname="| pato |" time="0"/>
  <testcase name="When I search for &apos;pato&apos;" classname="| pato |" time="0"/>
  <testcase name="Then I make the test fail to grab the screenshot" classname="| pato |" time="0.005">
    <failure message="Making fail to take the ScreenShot" type="junit.framework.AssertionFailedError">junit.framework.AssertionFailedError: Making fail to take the ScreenShot
	at junit.framework.Assert.fail(Assert.java:57)
	at junit.framework.Assert.assertTrue(Assert.java:22)
	at stepDefinitions.workShopStepDefinition.WorkShopStepDefinitions.iMakeTheTestFailToGrabTheScreenshot(WorkShopStepDefinitions.java:44)
	at ✽.Then I make the test fail to grab the screenshot(workShopFW/FWtester.feature:12)
</failure>
  </testcase>
  <testcase name="| pato |" classname="| pato |" time="0.005">
    <failure message="Making fail to take the ScreenShot" type="junit.framework.AssertionFailedError">junit.framework.AssertionFailedError: Making fail to take the ScreenShot
	at junit.framework.Assert.fail(Assert.java:57)
	at junit.framework.Assert.assertTrue(Assert.java:22)
	at stepDefinitions.workShopStepDefinition.WorkShopStepDefinitions.iMakeTheTestFailToGrabTheScreenshot(WorkShopStepDefinitions.java:44)
	at ✽.Then I make the test fail to grab the screenshot(workShopFW/FWtester.feature:12)
</failure>
  </testcase>
  <testcase name="Given I navigate to wikipedia home page" classname="| dog |" time="0"/>
  <testcase name="When I search for &apos;dog&apos;" classname="| dog |" time="0"/>
  <testcase name="Then I make the test fail to grab the screenshot" classname="| dog |" time="0">
    <failure message="Making fail to take the ScreenShot" type="junit.framework.AssertionFailedError">junit.framework.AssertionFailedError: Making fail to take the ScreenShot
	at junit.framework.Assert.fail(Assert.java:57)
	at junit.framework.Assert.assertTrue(Assert.java:22)
	at stepDefinitions.workShopStepDefinition.WorkShopStepDefinitions.iMakeTheTestFailToGrabTheScreenshot(WorkShopStepDefinitions.java:44)
	at ✽.Then I make the test fail to grab the screenshot(workShopFW/FWtester.feature:12)
</failure>
  </testcase>
  <testcase name="| dog |" classname="| dog |" time="0">
    <failure message="Making fail to take the ScreenShot" type="junit.framework.AssertionFailedError">junit.framework.AssertionFailedError: Making fail to take the ScreenShot
	at junit.framework.Assert.fail(Assert.java:57)
	at junit.framework.Assert.assertTrue(Assert.java:22)
	at stepDefinitions.workShopStepDefinition.WorkShopStepDefinitions.iMakeTheTestFailToGrabTheScreenshot(WorkShopStepDefinitions.java:44)
	at ✽.Then I make the test fail to grab the screenshot(workShopFW/FWtester.feature:12)
</failure>
  </testcase>
  <testcase name="Given I navigate to wikipedia home page" classname="| azul |" time="0.004"/>
  <testcase name="When I search for &apos;azul&apos;" classname="| azul |" time="0"/>
  <testcase name="Then I make the test fail to grab the screenshot" classname="| azul |" time="0">
    <failure message="Making fail to take the ScreenShot" type="junit.framework.AssertionFailedError">junit.framework.AssertionFailedError: Making fail to take the ScreenShot
	at junit.framework.Assert.fail(Assert.java:57)
	at junit.framework.Assert.assertTrue(Assert.java:22)
	at stepDefinitions.workShopStepDefinition.WorkShopStepDefinitions.iMakeTheTestFailToGrabTheScreenshot(WorkShopStepDefinitions.java:44)
	at ✽.Then I make the test fail to grab the screenshot(workShopFW/FWtester.feature:12)
</failure>
  </testcase>
  <testcase name="| azul |" classname="| azul |" time="0">
    <failure message="Making fail to take the ScreenShot" type="junit.framework.AssertionFailedError">junit.framework.AssertionFailedError: Making fail to take the ScreenShot
	at junit.framework.Assert.fail(Assert.java:57)
	at junit.framework.Assert.assertTrue(Assert.java:22)
	at stepDefinitions.workShopStepDefinition.WorkShopStepDefinitions.iMakeTheTestFailToGrabTheScreenshot(WorkShopStepDefinitions.java:44)
	at ✽.Then I make the test fail to grab the screenshot(workShopFW/FWtester.feature:12)
</failure>
  </testcase>
</testsuite>