<?xml version="1.0" encoding="UTF-8"?>
<testsuite name="CukeRunner" time="0.044" tests="14" errors="0" skipped="0" failures="6">
  <properties>
    <property name="java.runtime.name" value="Java(TM) SE Runtime Environment"/>
    <property name="sun.boot.library.path" value="C:\Program Files\Java\jdk1.8.0_20\jre\bin"/>
    <property name="java.vm.version" value="25.20-b23"/>
    <property name="browser" value="chrome"/>
    <property name="java.vm.vendor" value="Oracle Corporation"/>
    <property name="java.vendor.url" value="http://java.oracle.com/"/>
    <property name="path.separator" value=";"/>
    <property name="guice.disable.misplaced.annotation.check" value="true"/>
    <property name="java.vm.name" value="Java HotSpot(TM) 64-Bit Server VM"/>
    <property name="file.encoding.pkg" value="sun.io"/>
    <property name="user.script" value=""/>
    <property name="user.country" value="US"/>
    <property name="sun.java.launcher" value="SUN_STANDARD"/>
    <property name="sun.os.patch.level" value="Service Pack 1"/>
    <property name="java.vm.specification.name" value="Java Virtual Machine Specification"/>
    <property name="user.dir" value="D:\BDDoliwaFW\PabloSite"/>
    <property name="java.runtime.version" value="1.8.0_20-b26"/>
    <property name="java.awt.graphicsenv" value="sun.awt.Win32GraphicsEnvironment"/>
    <property name="java.endorsed.dirs" value="C:\Program Files\Java\jdk1.8.0_20\jre\lib\endorsed"/>
    <property name="os.arch" value="amd64"/>
    <property name="java.io.tmpdir" value="C:\Users\Juan_Rodriguez\AppData\Local\Temp\"/>
    <property name="line.separator" value="&#10;"/>
    <property name="java.vm.specification.vendor" value="Oracle Corporation"/>
    <property name="user.variant" value=""/>
    <property name="os.name" value="Windows 7"/>
    <property name="classworlds.conf" value="C:\Program Files\Maven\apache-maven-3.2.1\bin\m2.conf"/>
    <property name="sun.jnu.encoding" value="Cp1252"/>
    <property name="java.library.path" value="C:\Program Files\Java\jdk1.8.0_20\bin;C:\WINDOWS\Sun\Java\bin;C:\WINDOWS\system32;C:\WINDOWS;C:\Program Files (x86)\iis express\PHP\v5.5;C:\oracle\product\11.2.0\dbhome_1\bin;C:\oracle\app\oracle\product\11.2.0\server\bin;C:\ProgramData\Oracle\Java\javapath;C:\WINDOWS\system32;C:\WINDOWS;C:\WINDOWS\System32\Wbem;C:\WINDOWS\System32\WindowsPowerShell\v1.0\;C:\Program Files\TortoiseSVN\bin;C:\Program Files\Java\jdk1.8.0_20\bin;C:\Program Files\Maven\apache-maven-3.2.1\bin;C:\Program Files (x86)\QuickTime\QTSystem\;C:\Program Files\Microsoft SQL Server\110\Tools\Binn\;C:\Program Files\SlikSvn\bin;;."/>
    <property name="java.specification.name" value="Java Platform API Specification"/>
    <property name="java.class.version" value="52.0"/>
    <property name="sun.management.compiler" value="HotSpot 64-Bit Tiered Compilers"/>
    <property name="os.version" value="6.1"/>
    <property name="user.home" value="C:\Users\Juan_Rodriguez"/>
    <property name="user.timezone" value="Europe/Belgrade"/>
    <property name="java.awt.printerjob" value="sun.awt.windows.WPrinterJob"/>
    <property name="java.specification.version" value="1.8"/>
    <property name="file.encoding" value="Cp1252"/>
    <property name="user.name" value="Juan_Rodriguez"/>
    <property name="java.class.path" value="C:\Program Files\Maven\apache-maven-3.2.1\boot\plexus-classworlds-2.5.1.jar"/>
    <property name="org.slf4j.simpleLogger.defaultLogLevel" value="info"/>
    <property name="java.vm.specification.version" value="1.8"/>
    <property name="sun.arch.data.model" value="64"/>
    <property name="java.home" value="C:\Program Files\Java\jdk1.8.0_20\jre"/>
    <property name="sun.java.command" value="org.codehaus.plexus.classworlds.launcher.Launcher test -Dbrowser=chrome"/>
    <property name="java.specification.vendor" value="Oracle Corporation"/>
    <property name="user.language" value="en"/>
    <property name="awt.toolkit" value="sun.awt.windows.WToolkit"/>
    <property name="java.vm.info" value="mixed mode"/>
    <property name="java.version" value="1.8.0_20"/>
    <property name="java.ext.dirs" value="C:\Program Files\Java\jdk1.8.0_20\jre\lib\ext;C:\WINDOWS\Sun\Java\lib\ext"/>
    <property name="sun.boot.class.path" value="C:\Program Files\Java\jdk1.8.0_20\jre\lib\resources.jar;C:\Program Files\Java\jdk1.8.0_20\jre\lib\rt.jar;C:\Program Files\Java\jdk1.8.0_20\jre\lib\sunrsasign.jar;C:\Program Files\Java\jdk1.8.0_20\jre\lib\jsse.jar;C:\Program Files\Java\jdk1.8.0_20\jre\lib\jce.jar;C:\Program Files\Java\jdk1.8.0_20\jre\lib\charsets.jar;C:\Program Files\Java\jdk1.8.0_20\jre\lib\jfr.jar;C:\Program Files\Java\jdk1.8.0_20\jre\classes"/>
    <property name="sun.stderr.encoding" value="cp437"/>
    <property name="java.vendor" value="Oracle Corporation"/>
    <property name="maven.home" value="C:\Program Files\Maven\apache-maven-3.2.1"/>
    <property name="file.separator" value="\"/>
    <property name="java.vendor.url.bug" value="http://bugreport.sun.com/bugreport/"/>
    <property name="sun.cpu.endian" value="little"/>
    <property name="sun.io.unicode.encoding" value="UnicodeLittle"/>
    <property name="sun.stdout.encoding" value="cp437"/>
    <property name="sun.desktop" value="windows"/>
    <property name="sun.cpu.isalist" value="amd64"/>
  </properties>
  <testcase name="Given I navigate to google home page" classname="Scenario: Checking if different browser are being loaded" time="0.009"/>
  <testcase name="Scenario: Checking if different browser are being loaded" classname="Scenario: Checking if different browser are being loaded" time="0.021"/>
  <testcase name="Given I navigate to wikipedia home page" classname="| pato |" time="0"/>
  <testcase name="When I search for &apos;pato&apos;" classname="| pato |" time="0"/>
  <testcase name="Then I make the test fail to grab the screenshot" classname="| pato |" time="0.005">
    <failure message="Making fail to take the ScreenShot" type="junit.framework.AssertionFailedError">junit.framework.AssertionFailedError: Making fail to take the ScreenShot
	at junit.framework.Assert.fail(Assert.java:57)
	at junit.framework.Assert.assertTrue(Assert.java:22)
	at stepDefinitions.workShopStepDefinition.WorkShopStepDefinitions.iMakeTheTestFailToGrabTheScreenshot(WorkShopStepDefinitions.java:44)
	at ✽.Then I make the test fail to grab the screenshot(workShopFW/FWtester.feature:12)
</failure>
  </testcase>
  <testcase name="| pato |" classname="| pato |" time="0.005">
    <failure message="Making fail to take the ScreenShot" type="junit.framework.AssertionFailedError">junit.framework.AssertionFailedError: Making fail to take the ScreenShot
	at junit.framework.Assert.fail(Assert.java:57)
	at junit.framework.Assert.assertTrue(Assert.java:22)
	at stepDefinitions.workShopStepDefinition.WorkShopStepDefinitions.iMakeTheTestFailToGrabTheScreenshot(WorkShopStepDefinitions.java:44)
	at ✽.Then I make the test fail to grab the screenshot(workShopFW/FWtester.feature:12)
</failure>
  </testcase>
  <testcase name="Given I navigate to wikipedia home page" classname="| dog |" time="0"/>
  <testcase name="When I search for &apos;dog&apos;" classname="| dog |" time="0"/>
  <testcase name="Then I make the test fail to grab the screenshot" classname="| dog |" time="0">
    <failure message="Making fail to take the ScreenShot" type="junit.framework.AssertionFailedError">junit.framework.AssertionFailedError: Making fail to take the ScreenShot
	at junit.framework.Assert.fail(Assert.java:57)
	at junit.framework.Assert.assertTrue(Assert.java:22)
	at stepDefinitions.workShopStepDefinition.WorkShopStepDefinitions.iMakeTheTestFailToGrabTheScreenshot(WorkShopStepDefinitions.java:44)
	at ✽.Then I make the test fail to grab the screenshot(workShopFW/FWtester.feature:12)
</failure>
  </testcase>
  <testcase name="| dog |" classname="| dog |" time="0">
    <failure message="Making fail to take the ScreenShot" type="junit.framework.AssertionFailedError">junit.framework.AssertionFailedError: Making fail to take the ScreenShot
	at junit.framework.Assert.fail(Assert.java:57)
	at junit.framework.Assert.assertTrue(Assert.java:22)
	at stepDefinitions.workShopStepDefinition.WorkShopStepDefinitions.iMakeTheTestFailToGrabTheScreenshot(WorkShopStepDefinitions.java:44)
	at ✽.Then I make the test fail to grab the screenshot(workShopFW/FWtester.feature:12)
</failure>
  </testcase>
  <testcase name="Given I navigate to wikipedia home page" classname="| azul |" time="0.004"/>
  <testcase name="When I search for &apos;azul&apos;" classname="| azul |" time="0"/>
  <testcase name="Then I make the test fail to grab the screenshot" classname="| azul |" time="0">
    <failure message="Making fail to take the ScreenShot" type="junit.framework.AssertionFailedError">junit.framework.AssertionFailedError: Making fail to take the ScreenShot
	at junit.framework.Assert.fail(Assert.java:57)
	at junit.framework.Assert.assertTrue(Assert.java:22)
	at stepDefinitions.workShopStepDefinition.WorkShopStepDefinitions.iMakeTheTestFailToGrabTheScreenshot(WorkShopStepDefinitions.java:44)
	at ✽.Then I make the test fail to grab the screenshot(workShopFW/FWtester.feature:12)
</failure>
  </testcase>
  <testcase name="| azul |" classname="| azul |" time="0">
    <failure message="Making fail to take the ScreenShot" type="junit.framework.AssertionFailedError">junit.framework.AssertionFailedError: Making fail to take the ScreenShot
	at junit.framework.Assert.fail(Assert.java:57)
	at junit.framework.Assert.assertTrue(Assert.java:22)
	at stepDefinitions.workShopStepDefinition.WorkShopStepDefinitions.iMakeTheTestFailToGrabTheScreenshot(WorkShopStepDefinitions.java:44)
	at ✽.Then I make the test fail to grab the screenshot(workShopFW/FWtester.feature:12)
</failure>
  </testcase>
</testsuite>